0 info it worked if it ends with ok
1 verbose cli [ 'node', '/usr/local/bin/npm', 'install', 'express' ]
2 info using npm@2.10.1
3 info using node@v0.12.4
4 verbose install initial load of /Users/harel/Documents/Websites/Projects/ionic-clean-how2all/how2all-clean/package.json
5 warn package.json how2all-clean@1.0.0 No repository field.
6 warn package.json how2all-clean@1.0.0 No README data
7 warn package.json how2all-clean@1.0.0 No license field.
8 verbose readDependencies loading dependencies from /Users/harel/Documents/Websites/Projects/ionic-clean-how2all/how2all-clean/package.json
9 silly cache add args [ 'express', null ]
10 verbose cache add spec express
11 silly cache add parsed spec { raw: 'express',
11 silly cache add   scope: null,
11 silly cache add   name: 'express',
11 silly cache add   rawSpec: '',
11 silly cache add   spec: '*',
11 silly cache add   type: 'range' }
12 silly addNamed express@*
13 verbose addNamed "*" is a valid semver range for express
14 silly addNameRange { name: 'express', range: '*', hasData: false }
15 silly mapToRegistry name express
16 silly mapToRegistry using default registry
17 silly mapToRegistry registry https://registry.npmjs.org/
18 silly mapToRegistry uri https://registry.npmjs.org/express
19 verbose addNameRange registry:https://registry.npmjs.org/express not in flight; fetching
20 verbose request uri https://registry.npmjs.org/express
21 verbose request no auth needed
22 info attempt registry request try #1 at 6:19:13 AM
23 verbose request id 8d73c81d907b41a7
24 verbose etag "3FBG4ANXW3H396AUDWD9G26A5"
25 http request GET https://registry.npmjs.org/express
26 http 200 https://registry.npmjs.org/express
27 silly get cb [ 200,
27 silly get   { server: 'CouchDB/1.5.0 (Erlang OTP/R16B03)',
27 silly get     etag: '"QN17RNU3L9P95B0XJST9M26C"',
27 silly get     'content-type': 'application/json',
27 silly get     'cache-control': 'max-age=60',
27 silly get     'content-length': '502783',
27 silly get     'accept-ranges': 'bytes',
27 silly get     date: 'Sat, 20 Jun 2015 03:19:15 GMT',
27 silly get     via: '1.1 varnish',
27 silly get     age: '12',
27 silly get     connection: 'keep-alive',
27 silly get     'x-served-by': 'cache-fra1243-FRA',
27 silly get     'x-cache': 'HIT',
27 silly get     'x-cache-hits': '1',
27 silly get     'x-timer': 'S1434770355.188727,VS0,VE2',
27 silly get     vary: 'Accept' } ]
28 verbose get saving express to /Users/harel/.npm/registry.npmjs.org/express/.cache.json
29 silly addNameRange number 2 { name: 'express', range: '*', hasData: true }
30 silly addNameRange versions [ 'express',
30 silly addNameRange   [ '0.14.0',
30 silly addNameRange     '0.14.1',
30 silly addNameRange     '1.0.0',
30 silly addNameRange     '1.0.1',
30 silly addNameRange     '1.0.2',
30 silly addNameRange     '1.0.3',
30 silly addNameRange     '1.0.4',
30 silly addNameRange     '1.0.5',
30 silly addNameRange     '1.0.6',
30 silly addNameRange     '1.0.7',
30 silly addNameRange     '1.0.8',
30 silly addNameRange     '2.0.0',
30 silly addNameRange     '2.1.0',
30 silly addNameRange     '2.1.1',
30 silly addNameRange     '2.2.0',
30 silly addNameRange     '2.2.1',
30 silly addNameRange     '2.2.2',
30 silly addNameRange     '2.3.0',
30 silly addNameRange     '2.3.1',
30 silly addNameRange     '2.3.2',
30 silly addNameRange     '2.3.3',
30 silly addNameRange     '2.3.4',
30 silly addNameRange     '2.3.5',
30 silly addNameRange     '2.3.6',
30 silly addNameRange     '2.3.7',
30 silly addNameRange     '2.3.8',
30 silly addNameRange     '2.3.9',
30 silly addNameRange     '2.3.10',
30 silly addNameRange     '2.3.11',
30 silly addNameRange     '2.3.12',
30 silly addNameRange     '2.4.0',
30 silly addNameRange     '2.4.1',
30 silly addNameRange     '2.4.2',
30 silly addNameRange     '2.4.3',
30 silly addNameRange     '2.4.4',
30 silly addNameRange     '2.4.5',
30 silly addNameRange     '2.4.6',
30 silly addNameRange     '2.4.7',
30 silly addNameRange     '2.5.0',
30 silly addNameRange     '2.5.1',
30 silly addNameRange     '2.5.2',
30 silly addNameRange     '2.5.3',
30 silly addNameRange     '2.5.4',
30 silly addNameRange     '2.5.5',
30 silly addNameRange     '2.5.6',
30 silly addNameRange     '2.5.7',
30 silly addNameRange     '2.5.8',
30 silly addNameRange     '2.5.9',
30 silly addNameRange     '2.5.10',
30 silly addNameRange     '2.5.11',
30 silly addNameRange     '3.0.0',
30 silly addNameRange     '3.0.1',
30 silly addNameRange     '3.0.2',
30 silly addNameRange     '3.0.3',
30 silly addNameRange     '3.0.4',
30 silly addNameRange     '3.0.5',
30 silly addNameRange     '3.0.6',
30 silly addNameRange     '3.1.0',
30 silly addNameRange     '3.1.1',
30 silly addNameRange     '3.1.2',
30 silly addNameRange     '3.2.0',
30 silly addNameRange     '3.2.1',
30 silly addNameRange     '3.2.2',
30 silly addNameRange     '3.2.3',
30 silly addNameRange     '3.2.4',
30 silly addNameRange     '3.2.5',
30 silly addNameRange     '3.2.6',
30 silly addNameRange     '3.3.0',
30 silly addNameRange     '3.3.1',
30 silly addNameRange     '3.3.2',
30 silly addNameRange     '3.3.3',
30 silly addNameRange     '3.3.4',
30 silly addNameRange     '3.3.5',
30 silly addNameRange     '3.3.6',
30 silly addNameRange     '1.0.0-beta',
30 silly addNameRange     '1.0.0-beta2',
30 silly addNameRange     '1.0.0-rc',
30 silly addNameRange     '1.0.0-rc2',
30 silly addNameRange     '1.0.0-rc3',
30 silly addNameRange     '1.0.0-rc4',
30 silly addNameRange     '2.0.0-beta',
30 silly addNameRange     '2.0.0-beta2',
30 silly addNameRange     '2.0.0-beta3',
30 silly addNameRange     '2.0.0-rc',
30 silly addNameRange     '2.0.0-rc2',
30 silly addNameRange     '2.0.0-rc3',
30 silly addNameRange     '3.0.0-alpha1',
30 silly addNameRange     '3.0.0-alpha2',
30 silly addNameRange     '3.0.0-alpha3',
30 silly addNameRange     '3.0.0-alpha4',
30 silly addNameRange     '3.0.0-alpha5',
30 silly addNameRange     '3.0.0-beta1',
30 silly addNameRange     '3.0.0-beta2',
30 silly addNameRange     '3.0.0-beta3',
30 silly addNameRange     '3.0.0-beta4',
30 silly addNameRange     '3.0.0-beta6',
30 silly addNameRange     '3.0.0-beta7',
30 silly addNameRange     '3.0.0-rc1',
30 silly addNameRange     '3.0.0-rc2',
30 silly addNameRange     '3.0.0-rc3',
30 silly addNameRange     '3.0.0-rc4',
30 silly addNameRange     '3.0.0-rc5',
30 silly addNameRange     '3.3.7',
30 silly addNameRange     '3.3.8',
30 silly addNameRange     '3.4.0',
30 silly addNameRange     '3.4.1',
30 silly addNameRange     '3.4.2',
30 silly addNameRange     '3.4.3',
30 silly addNameRange     '3.4.4',
30 silly addNameRange     '3.4.5',
30 silly addNameRange     '3.4.6',
30 silly addNameRange     '3.4.7',
30 silly addNameRange     '3.4.8',
30 silly addNameRange     '4.0.0-rc1',
30 silly addNameRange     '4.0.0-rc2',
30 silly addNameRange     '3.5.0',
30 silly addNameRange     '4.0.0-rc3',
30 silly addNameRange     '4.0.0-rc4',
30 silly addNameRange     '3.5.1',
30 silly addNameRange     '4.0.0',
30 silly addNameRange     '3.5.2',
30 silly addNameRange     '4.1.0',
30 silly addNameRange     '4.1.1',
30 silly addNameRange     '3.5.3',
30 silly addNameRange     '4.1.2',
30 silly addNameRange     '3.6.0',
30 silly addNameRange     '4.2.0',
30 silly addNameRange     '3.7.0',
30 silly addNameRange     '3.8.0',
30 silly addNameRange     '4.3.0',
30 silly addNameRange     '4.3.1',
30 silly addNameRange     '3.8.1',
30 silly addNameRange     '4.3.2',
30 silly addNameRange     '3.9.0',
30 silly addNameRange     '4.4.0',
30 silly addNameRange     '4.4.1',
30 silly addNameRange     '3.10.0',
30 silly addNameRange     '3.10.1',
30 silly addNameRange     '3.10.2',
30 silly addNameRange     '3.10.3',
30 silly addNameRange     '3.10.4',
30 silly addNameRange     '4.4.2',
30 silly addNameRange     '3.10.5',
30 silly addNameRange     '4.4.3',
30 silly addNameRange     '3.11.0',
30 silly addNameRange     '4.4.4',
30 silly addNameRange     '3.12.0',
30 silly addNameRange     '3.12.1',
30 silly addNameRange     '4.4.5',
30 silly addNameRange     '3.13.0',
30 silly addNameRange     '4.5.0',
30 silly addNameRange     '4.5.1',
30 silly addNameRange     '3.14.0',
30 silly addNameRange     '4.6.0',
30 silly addNameRange     '4.6.1',
30 silly addNameRange     '3.15.0',
30 silly addNameRange     '4.7.0',
30 silly addNameRange     '3.15.1',
30 silly addNameRange     '4.7.1',
30 silly addNameRange     '3.15.2',
30 silly addNameRange     '4.7.2',
30 silly addNameRange     '4.7.3',
30 silly addNameRange     '3.15.3',
30 silly addNameRange     '4.7.4',
30 silly addNameRange     '3.16.0',
30 silly addNameRange     '4.8.0',
30 silly addNameRange     '3.16.1',
30 silly addNameRange     '4.8.1',
30 silly addNameRange     '3.16.2',
30 silly addNameRange     '4.8.2',
30 silly addNameRange     '3.16.3',
30 silly addNameRange     '3.16.4',
30 silly addNameRange     '4.8.3',
30 silly addNameRange     '3.16.5',
30 silly addNameRange     '3.16.6',
30 silly addNameRange     '4.8.4',
30 silly addNameRange     '3.16.7',
30 silly addNameRange     '4.8.5',
30 silly addNameRange     '3.16.8',
30 silly addNameRange     '4.8.6',
30 silly addNameRange     '3.16.9',
30 silly addNameRange     '4.8.7',
30 silly addNameRange     '3.16.10',
30 silly addNameRange     '4.8.8',
30 silly addNameRange     '3.17.0',
30 silly addNameRange     '3.17.1',
30 silly addNameRange     '4.9.0',
30 silly addNameRange     '3.17.2',
30 silly addNameRange     '4.9.1',
30 silly addNameRange     '4.9.2',
30 silly addNameRange     '3.17.3',
30 silly addNameRange     '4.9.3',
30 silly addNameRange     '3.17.4',
30 silly addNameRange     '4.9.4',
30 silly addNameRange     '3.17.5',
30 silly addNameRange     '4.9.5',
30 silly addNameRange     '3.17.6',
30 silly addNameRange     '3.17.7',
30 silly addNameRange     '4.9.6',
30 silly addNameRange     '4.9.7',
30 silly addNameRange     '3.17.8',
30 silly addNameRange     '4.9.8',
30 silly addNameRange     '3.18.0',
30 silly addNameRange     '3.18.1',
30 silly addNameRange     '4.10.0',
30 silly addNameRange     '3.18.2',
30 silly addNameRange     '4.10.1',
30 silly addNameRange     '5.0.0-alpha.1',
30 silly addNameRange     '3.18.3',
30 silly addNameRange     '4.10.2',
30 silly addNameRange     '3.18.4',
30 silly addNameRange     '4.10.3',
30 silly addNameRange     '4.10.4',
30 silly addNameRange     '4.10.5',
30 silly addNameRange     '3.18.5',
30 silly addNameRange     '3.18.6',
30 silly addNameRange     '4.10.6',
30 silly addNameRange     '4.10.7',
30 silly addNameRange     '3.19.0',
30 silly addNameRange     '4.10.8',
30 silly addNameRange     '4.11.0',
30 silly addNameRange     '3.19.1',
30 silly addNameRange     '4.11.1',
30 silly addNameRange     '3.19.2',
30 silly addNameRange     '4.11.2',
30 silly addNameRange     '3.20.0',
30 silly addNameRange     '4.12.0',
30 silly addNameRange     '3.20.1',
30 silly addNameRange     '4.12.1',
30 silly addNameRange     '4.12.2',
30 silly addNameRange     '3.20.2',
30 silly addNameRange     '4.12.3',
30 silly addNameRange     '3.20.3',
30 silly addNameRange     '4.12.4',
30 silly addNameRange     '3.21.0' ] ]
31 silly addNamed express@4.12.4
32 verbose addNamed "4.12.4" is a plain semver version for express
33 silly mapToRegistry name express
34 silly mapToRegistry using default registry
35 silly mapToRegistry registry https://registry.npmjs.org/
36 silly mapToRegistry uri https://registry.npmjs.org/express
37 verbose addRemoteTarball https://registry.npmjs.org/express/-/express-4.12.4.tgz not in flight; adding
38 verbose addRemoteTarball [ 'https://registry.npmjs.org/express/-/express-4.12.4.tgz',
38 verbose addRemoteTarball   '8fec2510255bc6b2e58107c48239c0fa307c1aa2' ]
39 info retry fetch attempt 1 at 6:19:15 AM
40 info attempt registry request try #1 at 6:19:15 AM
41 http fetch GET https://registry.npmjs.org/express/-/express-4.12.4.tgz
42 http fetch 200 https://registry.npmjs.org/express/-/express-4.12.4.tgz
43 silly fetchAndShaCheck shasum 8fec2510255bc6b2e58107c48239c0fa307c1aa2
44 verbose addTmpTarball /var/folders/nx/w8sp84g90k5_c8njq_107x300000gp/T/npm-5395-cbfd315c/registry.npmjs.org/express/-/express-4.12.4.tgz not in flight; adding
45 verbose addTmpTarball already have metadata; skipping unpack for express@4.12.4
46 silly cache afterAdd express@4.12.4
47 verbose afterAdd /Users/harel/.npm/express/4.12.4/package/package.json not in flight; writing
48 verbose afterAdd /Users/harel/.npm/express/4.12.4/package/package.json written
49 silly install resolved [ { name: 'express',
49 silly install resolved     description: 'Fast, unopinionated, minimalist web framework',
49 silly install resolved     version: '4.12.4',
49 silly install resolved     author: { name: 'TJ Holowaychuk', email: 'tj@vision-media.ca' },
49 silly install resolved     contributors:
49 silly install resolved      [ [Object],
49 silly install resolved        [Object],
49 silly install resolved        [Object],
49 silly install resolved        [Object],
49 silly install resolved        [Object],
49 silly install resolved        [Object],
49 silly install resolved        [Object] ],
49 silly install resolved     license: 'MIT',
49 silly install resolved     repository: { type: 'git', url: 'https://github.com/strongloop/express' },
49 silly install resolved     homepage: 'http://expressjs.com/',
49 silly install resolved     keywords:
49 silly install resolved      [ 'express',
49 silly install resolved        'framework',
49 silly install resolved        'sinatra',
49 silly install resolved        'web',
49 silly install resolved        'rest',
49 silly install resolved        'restful',
49 silly install resolved        'router',
49 silly install resolved        'app',
49 silly install resolved        'api' ],
49 silly install resolved     dependencies:
49 silly install resolved      { accepts: '~1.2.7',
49 silly install resolved        'content-disposition': '0.5.0',
49 silly install resolved        'content-type': '~1.0.1',
49 silly install resolved        cookie: '0.1.2',
49 silly install resolved        'cookie-signature': '1.0.6',
49 silly install resolved        debug: '~2.2.0',
49 silly install resolved        depd: '~1.0.1',
49 silly install resolved        'escape-html': '1.0.1',
49 silly install resolved        etag: '~1.6.0',
49 silly install resolved        finalhandler: '0.3.6',
49 silly install resolved        fresh: '0.2.4',
49 silly install resolved        'merge-descriptors': '1.0.0',
49 silly install resolved        methods: '~1.1.1',
49 silly install resolved        'on-finished': '~2.2.1',
49 silly install resolved        parseurl: '~1.3.0',
49 silly install resolved        'path-to-regexp': '0.1.3',
49 silly install resolved        'proxy-addr': '~1.0.8',
49 silly install resolved        qs: '2.4.2',
49 silly install resolved        'range-parser': '~1.0.2',
49 silly install resolved        send: '0.12.3',
49 silly install resolved        'serve-static': '~1.9.3',
49 silly install resolved        'type-is': '~1.6.2',
49 silly install resolved        vary: '~1.0.0',
49 silly install resolved        'utils-merge': '1.0.0' },
49 silly install resolved     devDependencies:
49 silly install resolved      { after: '0.8.1',
49 silly install resolved        ejs: '2.3.1',
49 silly install resolved        istanbul: '0.3.9',
49 silly install resolved        marked: '0.3.3',
49 silly install resolved        mocha: '2.2.5',
49 silly install resolved        should: '6.0.1',
49 silly install resolved        supertest: '1.0.1',
49 silly install resolved        'body-parser': '~1.12.4',
49 silly install resolved        'connect-redis': '~2.3.0',
49 silly install resolved        'cookie-parser': '~1.3.4',
49 silly install resolved        'cookie-session': '~1.1.0',
49 silly install resolved        'express-session': '~1.11.2',
49 silly install resolved        jade: '~1.9.2',
49 silly install resolved        'method-override': '~2.3.3',
49 silly install resolved        morgan: '~1.5.3',
49 silly install resolved        multiparty: '~4.1.2',
49 silly install resolved        vhost: '~3.0.0' },
49 silly install resolved     engines: { node: '>= 0.10.0' },
49 silly install resolved     files: [ 'LICENSE', 'History.md', 'Readme.md', 'index.js', 'lib/' ],
49 silly install resolved     scripts:
49 silly install resolved      { test: 'mocha --require test/support/env --reporter spec --bail --check-leaks test/ test/acceptance/',
49 silly install resolved        'test-ci': 'istanbul cover node_modules/mocha/bin/_mocha --report lcovonly -- --require test/support/env --reporter spec --check-leaks test/ test/acceptance/',
49 silly install resolved        'test-cov': 'istanbul cover node_modules/mocha/bin/_mocha -- --require test/support/env --reporter dot --check-leaks test/ test/acceptance/',
49 silly install resolved        'test-tap': 'mocha --require test/support/env --reporter tap --check-leaks test/ test/acceptance/' },
49 silly install resolved     gitHead: 'e9c9f95ade0f20a048861ac886d4767a839d5286',
49 silly install resolved     bugs: { url: 'https://github.com/strongloop/express/issues' },
49 silly install resolved     _id: 'express@4.12.4',
49 silly install resolved     _shasum: '8fec2510255bc6b2e58107c48239c0fa307c1aa2',
49 silly install resolved     _from: 'express@*',
49 silly install resolved     _npmVersion: '1.4.28',
49 silly install resolved     _npmUser: { name: 'dougwilson', email: 'doug@somethingdoug.com' },
49 silly install resolved     maintainers:
49 silly install resolved      [ [Object],
49 silly install resolved        [Object],
49 silly install resolved        [Object],
49 silly install resolved        [Object],
49 silly install resolved        [Object],
49 silly install resolved        [Object],
49 silly install resolved        [Object] ],
49 silly install resolved     dist:
49 silly install resolved      { shasum: '8fec2510255bc6b2e58107c48239c0fa307c1aa2',
49 silly install resolved        tarball: 'http://registry.npmjs.org/express/-/express-4.12.4.tgz' },
49 silly install resolved     directories: {},
49 silly install resolved     _resolved: 'https://registry.npmjs.org/express/-/express-4.12.4.tgz' } ]
50 info install express@4.12.4 into /Users/harel/Documents/Websites/Projects/ionic-clean-how2all/how2all-clean
51 info installOne express@4.12.4
52 verbose installOne of express to /Users/harel/Documents/Websites/Projects/ionic-clean-how2all/how2all-clean not in flight; installing
53 warn locking Error: EACCES, open '/Users/harel/.npm/_locks/express-7a27fb51f2ccbc7a.lock'
53 warn locking     at Error (native)
53 warn locking  /Users/harel/.npm/_locks/express-7a27fb51f2ccbc7a.lock failed { [Error: EACCES, open '/Users/harel/.npm/_locks/express-7a27fb51f2ccbc7a.lock']
53 warn locking   errno: -13,
53 warn locking   code: 'EACCES',
53 warn locking   path: '/Users/harel/.npm/_locks/express-7a27fb51f2ccbc7a.lock' }
54 verbose stack Error: Attempt to unlock /Users/harel/Documents/Websites/Projects/ionic-clean-how2all/how2all-clean/node_modules/express, which hasn't been locked
54 verbose stack     at unlock (/usr/local/lib/node_modules/npm/lib/utils/locker.js:66:11)
54 verbose stack     at cb (/usr/local/lib/node_modules/npm/lib/install.js:1017:5)
54 verbose stack     at /usr/local/lib/node_modules/npm/lib/install.js:1021:20
54 verbose stack     at /usr/local/lib/node_modules/npm/lib/utils/locker.js:40:9
54 verbose stack     at cb (/usr/local/lib/node_modules/npm/node_modules/lockfile/lockfile.js:149:38)
54 verbose stack     at /usr/local/lib/node_modules/npm/node_modules/lockfile/lockfile.js:177:38
54 verbose stack     at FSReqWrap.oncomplete (fs.js:95:15)
55 verbose cwd /Users/harel/Documents/Websites/Projects/ionic-clean-how2all/how2all-clean
56 error Darwin 14.3.0
57 error argv "node" "/usr/local/bin/npm" "install" "express"
58 error node v0.12.4
59 error npm  v2.10.1
60 error Attempt to unlock /Users/harel/Documents/Websites/Projects/ionic-clean-how2all/how2all-clean/node_modules/express, which hasn't been locked
61 error If you need help, you may report this error at:
61 error     <https://github.com/npm/npm/issues>
62 verbose exit [ 1, true ]
